Unity Player [version: Unity 5.5.1f1_88d00a7498cd]

run.exe caused an Access Violation (0xc0000005)
  in module run.exe at 0023:0000000c.

Error occurred at 2017-02-09_052044.
C:\Users\kyunghwan chang\Documents\GitHub\TeamMultiplayer\Build\run.exe, run by kyunghwan chang.
25% memory in use.
0 MB physical memory [0 MB free].
0 MB paging file [0 MB free].
0 MB user address space [3684 MB free].
Write to location 0000000c caused an access violation.

Context:
EDI:    0x00ab4678  ESI: 0x0000000c  EAX:   0x00ae8a88
EBX:    0x00000000  ECX: 0x0000000c  EDX:   0x691b5bd0
EIP:    0x0000000c  EBP: 0x008ff83c  SegCs: 0x00000023
EFlags: 0x00210283  ESP: 0x008ff828  SegSs: 0x0000002b

Bytes at CS:EIP:
?? ?? ?? ?? ?? ?? ?? ?? ?? ?? ?? ?? ?? ?? ?? ?? 

Stack:
0x008ff828: 691d2779 00ab4678 03b38160 047c4a00 y'.ixF..`....J|.
0x008ff838: ba5f436e 008ff850 016fbdb4 00ab4a6c nC_.P.....o.lJ..
0x008ff848: 047c6e10 00000001 008ff868 01706a58 .n|.....h...Xjp.
0x008ff858: 03b3f590 047c4a00 00000000 00000000 .....J|.........
0x008ff868: 008ff874 0170755b 047c4a00 008ff89c t...[up..J|.....
0x008ff878: 01272845 00000000 04050310 01720d80 E('...........r.
0x008ff888: 00000000 00000000 04050310 01720fdb ..............r.
0x008ff898: 047c31e0 008ff8bc 0171fb0b 00000001 .1|.......q.....
0x008ff8a8: 00000000 047c31e0 00000000 001e1ccc .....1|.........
0x008ff8b8: 001e1cc8 008ff8c8 017202ab 047c31e0 ..........r..1|.
0x008ff8c8: 008ffa10 012727e3 00000000 00000001 .....''.........
0x008ff8d8: 016c821e 016caa37 017a2a7b 00000000 ..l.7.l.{*z.....
0x008ff8e8: 007a8000 03b2faf0 00c0003f 000003ff ..z.....?.......
0x008ff8f8: 00000000 00000051 0000005f 00001fff ....Q..._.......
0x008ff908: 03b2fa90 7fffffff 008ff940 017c1323 ........@...#.|.
0x008ff918: 00000056 0000005f 0000000f 0000000f V..._...........
0x008ff928: 7fffffff 00000000 02033ae0 039c17d8 .........:......
0x008ff938: 0000000f 008ff900 008ff970 017bec6f ........p...o.{.
0x008ff948: 039c2148 01fa5b48 0000000f 008ff960 H!..H[......`...
0x008ff958: 7fffffff 03b2fd30 02033ae0 039c17d8 ....0....:......
0x008ff968: 039c05a8 00000057 0000005f 017b001e ....W..._.....{.
0x008ff978: 03b1bcb0 01fa5b48 0000000f 00000000 ....H[..........
0x008ff988: 00000048 0000004f 008ff8cc 616e614d H...O.......Mana
0x008ff998: 00646567 6c65746e 00000000 00000007 ged.ntel........
0x008ff9a8: 0000000f 01fa5b48 03b17b50 03b17b88 ....H[..P{...{..
0x008ff9b8: 03b17b88 00000016 037e8ec0 65646900 .{........~..ide
0x008ff9c8: 646e6957 6c00776f 008f006c 00000000 Window.ll.......
0x008ff9d8: 0000000f 00000000 00000000 65726100 .............are
0x008ff9e8: 5748746e 0100444e 00a73958 00000000 ntHWND..X9......
0x008ff9f8: 0000000f 00000000 037e8ec0 037e8f00 ..........~...~.
0x008ffa08: 00000000 00100801 008ffa28 0176a158 ........(...X.v.
0x008ffa18: 01010000 00000000 00a7395a 00000001 ........Z9......
0x008ffa28: 008ffab8 017a2a28 01010000 00000000 ....(*z.........
0x008ffa38: 00a7395a 00000001 084b0731 017a2a7b Z9......1.K.{*z.
0x008ffa48: 017a2a7b 007a8000 00000044 00a71fd2 {*z...z.D.......
0x008ffa58: 00a71fb2 00a71f22 00000000 00000000 ...."...........
0x008ffa68: 00000000 00000000 00000000 00000000 ................
0x008ffa78: 00000000 00000401 00000001 00000000 ................
0x008ffa88: 00000000 00010095 00000000 c0000005 ................
0x008ffa98: 017a2a7b 00000000 008ffa40 008ff1dc {*z.....@.......
0x008ffaa8: 008ffb04 017a4380 0ac5b819 00000000 .....Cz.........
0x008ffab8: 008ffacc 779a62c4 007a8000 779a62a0 .....b.w..z..b.w
0x008ffac8: 36221f10 008ffb14 77c40fd9 007a8000 .."6.......w..z.
0x008ffad8: 4f796a77 00000000 00000000 007a8000 wjyO..........z.
0x008ffae8: c0000005 00000000 008ff1bc 75c0d2a0 ...............u
0x008ffaf8: 4f796a77 008ffad8 008ff1bc 008ffb1c wjyO............
0x008ffb08: 77c567b0 383b1673 00000000 008ffb24 .g.ws.;8....$...
0x008ffb18: 77c40fa4 ffffffff 77c62eda 00000000 ...w.......w....
0x008ffb28: 00000000 017a2a7b 007a8000 00000000 ....{*z...z.....
0x008ffb38: 00000000 00000000 00000000 00000000 ................
0x008ffb48: 00000000 00000000 00000000 00000000 ................
0x008ffb58: 00000000 00000000 00000000 00000000 ................
0x008ffb68: 00000000 00000000 00000000 00000000 ................
0x008ffb78: 00000000 00000000 00000000 00000000 ................
0x008ffb88: 00000000 00000000 00000000 00000000 ................
0x008ffb98: 00000000 00000000 00000000 00000000 ................
0x008ffba8: 00000000 00000000 00000000 00000000 ................
0x008ffbb8: 00000000 00000000 00000000 00000000 ................
0x008ffbc8: 00000000 00000000 00000000 00000000 ................
0x008ffbd8: 00000000 00000000 00000000 00000000 ................
0x008ffbe8: 00000000 00000000 00000000 00000000 ................
0x008ffbf8: 00000000 00000000 00000000 00000000 ................
0x008ffc08: 00000000 00000000 00000000 00000000 ................
0x008ffc18: 00000000 00000000 00000000 00000000 ................
0x008ffc28: 00000000 00000000 00000000 00000000 ................
0x008ffc38: 00000000 00000000 00000000 00000000 ................
0x008ffc48: 00000000 00000000 00000000 00000000 ................
0x008ffc58: 00000000 00000000 00000000 00000000 ................
0x008ffc68: 00000000 00000000 00000000 00000000 ................
0x008ffc78: 00000000 00000000 00000000 00000000 ................
0x008ffc88: 00000000 00000000 00000000 00000000 ................
0x008ffc98: 00000000 00000000 00000000 00000000 ................
0x008ffca8: 00000000 00000000 00000000 00000000 ................
0x008ffcb8: 00000000 00000000 00000000 00000000 ................
0x008ffcc8: 00000000 00000000 00000000 00000000 ................
0x008ffcd8: 00000000 00000000 00000000 00000000 ................
0x008ffce8: 00000000 00000000 00000000 00000000 ................
0x008ffcf8: 00000000 00000000 00000000 00000000 ................
0x008ffd08: 00000000 00000000 00000000 00000000 ................
0x008ffd18: 00000000 00000000 00000000 00000000 ................
0x008ffd28: 00000000 00000000 00000000 00000000 ................
0x008ffd38: 00000000 00000000 00000000 00000000 ................
0x008ffd48: 00000000 00000000 00000000 00000000 ................
0x008ffd58: 00000000 00000000 00000000 00000000 ................
0x008ffd68: 00000000 00000000 00000000 00000000 ................
0x008ffd78: 00000000 00000000 00000000 00000000 ................
0x008ffd88: 00000000 00000000 00000000 00000000 ................
0x008ffd98: 00000000 00000000 00000000 00000000 ................
0x008ffda8: 00000000 00000000 00000000 00000000 ................
0x008ffdb8: 00000000 00000000 00000000 00000000 ................
0x008ffdc8: 00000000 00000000 00000000 00000000 ................
0x008ffdd8: 00000000 00000000 00000000 00000000 ................
0x008ffde8: 00000000 00000000 00000000 00000000 ................
0x008ffdf8: 00000000 00000000 00000000 00000000 ................
0x008ffe08: 00000000 00000000 00000000 00000000 ................
0x008ffe18: 00000000 00000000 00000000 00000000 ................
0x008ffe28: 00000000 00000000 00000000 00000000 ................
0x008ffe38: 00000000 00000000 00000000 00000000 ................
0x008ffe48: 00000000 00000000 00000000 00000000 ................
0x008ffe58: 00000000 00000000 00000000 00000000 ................
0x008ffe68: 00000000 00000000 00000000 00000000 ................
0x008ffe78: 00000000 00000000 00000000 00000000 ................
0x008ffe88: 00000000 00000000 00000000 00000000 ................
0x008ffe98: 00000000 00000000 00000000 00000000 ................
0x008ffea8: 00000000 00000000 00000000 00000000 ................
0x008ffeb8: 00000000 00000000 00000000 00000000 ................
0x008ffec8: 00000000 00000000 00000000 00000000 ................
0x008ffed8: 00000000 00000000 00000000 00000000 ................
0x008ffee8: 00000000 00000000 00000000 00000000 ................
0x008ffef8: 00000000 00000000 00000000 00000000 ................
0x008fff08: 00000000 00000000 00000000 00000000 ................
0x008fff18: 00000000 00000000 00000000 00000000 ................
0x008fff28: 00000000 00000000 00000000 00000000 ................
0x008fff38: 00000000 00000000 00000000 00000000 ................
0x008fff48: 00000000 00000000 00000000 00000000 ................
0x008fff58: 00000000 00000000 00000000 00000000 ................
0x008fff68: 00000000 00000000 00000000 00000000 ................
0x008fff78: 00000000 00000000 00000000 00000000 ................
0x008fff88: 00000000 00000000 00000000 00000000 ................
0x008fff98: 00000000 00000000 00000000 00000000 ................
0x008fffa8: 00000000 00000000 00000000 00000000 ................
0x008fffb8: 00000000 00000000 00000000 00000000 ................
0x008fffc8: 00000000 00000000 00000000 00000000 ................
0x008fffd8: 00000000 00000000 00000000 00000000 ................
0x008fffe8: 00000000 00000000 00000000 00000000 ................
0x008ffff8: 00000000 00000000                   ........

Module 1
C:\Users\kyunghwan chang\Documents\GitHub\TeamMultiplayer\Build\run.exe
Image Base: 0x01010000  Image Size: 0x01231000
File Size:  18212864    File Time:  2017-01-19_071158
Version:
   Company:    
   Product:    
   FileDesc:   
   FileVer:    5.5.1.53258
   ProdVer:    5.5.1.53258

Module 2
C:\Users\kyunghwan chang\Documents\GitHub\TeamMultiplayer\Build\run_Data\Mono\mono.dll
Image Base: 0x10000000  Image Size: 0x00231000
File Size:  2115008     File Time:  2017-01-19_072456
Version:
   Company:    Unity Technologies
   Product:    libmono
   FileDesc:   Unity Technologies fork of mono runtime
   FileVer:    1.0.0.1
   ProdVer:    1.0.0.1

Module 3
C:\PROGRA~2\RAPTRI~1\PlaysTV\ltc_game32-120220.dll
Image Base: 0x163d0000  Image Size: 0x001db000
File Size:  1846480     File Time:  2017-02-03_190706
Version:
   Company:    Raptr Inc.
   Product:    Raptr In-Game Overlay
   FileDesc:   Game Module
   FileVer:    1.0.0.1
   ProdVer:    1.0.0.1

Module 4
C:\PROGRA~2\RAPTRI~1\PlaysTV\ltc_help32-120220.dll
Image Base: 0x50500000  Image Size: 0x00026000
File Size:  138448      File Time:  2017-02-03_190706
Version:
   Company:    Raptr Inc.
   Product:    Raptr In-Game Overlay
   FileDesc:   Help Module
   FileVer:    1.0.0.1
   ProdVer:    1.0.0.1

Module 5
C:\WINDOWS\SYSTEM32\DDRAW.dll
Image Base: 0x507a0000  Image Size: 0x000ed000
File Size:  548352      File Time:  2016-11-02_054022
Version:
   Company:    Microsoft Corporation
   Product:    Microsoft® Windows® Operating System
   FileDesc:   Microsoft DirectDraw
   FileVer:    10.0.14393.447
   ProdVer:    10.0.14393.447

Module 6
C:\WINDOWS\SYSTEM32\OPENGL32.dll
Image Base: 0x50890000  Image Size: 0x000e0000
File Size:  786944      File Time:  2016-07-16_064306
Version:
   Company:    Microsoft Corporation
   Product:    Microsoft® Windows® Operating System
   FileDesc:   OpenGL Client DLL
   FileVer:    10.0.14393.0
   ProdVer:    10.0.14393.0

Module 7
C:\WINDOWS\SYSTEM32\DCIMAN32.dll
Image Base: 0x56040000  Image Size: 0x00007000
File Size:  11776       File Time:  2016-07-16_064250
Version:
   Company:    Microsoft Corporation
   Product:    Microsoft® Windows® Operating System
   FileDesc:   DCI Manager
   FileVer:    10.0.14393.0
   ProdVer:    10.0.14393.0

Module 8
C:\WINDOWS\SYSTEM32\GLU32.dll
Image Base: 0x56050000  Image Size: 0x00025000
File Size:  141312      File Time:  2016-07-16_064306
Version:
   Company:    Microsoft Corporation
   Product:    Microsoft® Windows® Operating System
   FileDesc:   OpenGL Utility Library DLL
   FileVer:    10.0.14393.0
   ProdVer:    10.0.14393.0

Module 9
C:\WINDOWS\SYSTEM32\HID.DLL
Image Base: 0x560a0000  Image Size: 0x0000a000
File Size:  25600       File Time:  2016-07-16_064250
Version:
   Company:    Microsoft Corporation
   Product:    Microsoft® Windows® Operating System
   FileDesc:   Hid User Library
   FileVer:    10.0.14393.0
   ProdVer:    10.0.14393.0

Module 10
C:\WINDOWS\SYSTEM32\gpapi.dll
Image Base: 0x5ef30000  Image Size: 0x0001f000
File Size:  112120      File Time:  2016-07-16_064248
Version:
   Company:    Microsoft Corporation
   Product:    Microsoft® Windows® Operating System
   FileDesc:   Group Policy Client API
   FileVer:    10.0.14393.0
   ProdVer:    10.0.14393.0

Module 11
C:\WINDOWS\SYSTEM32\d3d11.dll
Image Base: 0x69120000  Image Size: 0x0022f000
File Size:  2277248     File Time:  2016-11-11_024802
Version:
   Company:    Microsoft Corporation
   Product:    Microsoft® Windows® Operating System
   FileDesc:   Direct3D 11 Runtime
   FileVer:    10.0.14393.479
   ProdVer:    10.0.14393.479

Module 12
C:\WINDOWS\SYSTEM32\WINHTTP.dll
Image Base: 0x6b300000  Image Size: 0x000a0000
File Size:  636928      File Time:  2016-10-14_224418
Version:
   Company:    Microsoft Corporation
   Product:    Microsoft® Windows® Operating System
   FileDesc:   Windows HTTP Services
   FileVer:    10.0.14393.351
   ProdVer:    10.0.14393.351

Module 13
C:\WINDOWS\system32\uxtheme.dll
Image Base: 0x6b410000  Image Size: 0x00075000
File Size:  457728      File Time:  2016-07-16_064306
Version:
   Company:    Microsoft Corporation
   Product:    Microsoft® Windows® Operating System
   FileDesc:   Microsoft UxTheme Library
   FileVer:    10.0.14393.0
   ProdVer:    10.0.14393.0

Module 14
C:\WINDOWS\System32\fwpuclnt.dll
Image Base: 0x6b5e0000  Image Size: 0x00049000
File Size:  279040      File Time:  2016-07-16_064256
Version:
   Company:    Microsoft Corporation
   Product:    Microsoft® Windows® Operating System
   FileDesc:   FWP/IPsec User-Mode API
   FileVer:    10.0.14393.0
   ProdVer:    10.0.14393.0

Module 15
C:\Windows\System32\rasadhlp.dll
Image Base: 0x6b630000  Image Size: 0x00008000
File Size:  13312       File Time:  2016-07-16_064302
Version:
   Company:    Microsoft Corporation
   Product:    Microsoft® Windows® Operating System
   FileDesc:   Remote Access AutoDial Helper
   FileVer:    10.0.14393.0
   ProdVer:    10.0.14393.0

Module 16
C:\WINDOWS\SYSTEM32\dxgi.dll
Image Base: 0x6b6c0000  Image Size: 0x00084000
File Size:  527880      File Time:  2016-11-11_024746
Version:
   Company:    Microsoft Corporation
   Product:    Microsoft® Windows® Operating System
   FileDesc:   DirectX Graphics Infrastructure
   FileVer:    10.0.14393.479
   ProdVer:    10.0.14393.479

Module 17
C:\WINDOWS\SYSTEM32\dbghelp.dll
Image Base: 0x6b750000  Image Size: 0x00145000
File Size:  1220608     File Time:  2016-07-16_064258
Version:
   Company:    Microsoft
   Product:    Microsoft® Windows® Operating System
   FileDesc:   Windows Image Helper
   FileVer:    10.0.14321.1024
   ProdVer:    10.0.14321.1024

Module 18
C:\WINDOWS\SYSTEM32\midimap.dll
Image Base: 0x6ba30000  Image Size: 0x00008000
File Size:  18944       File Time:  2016-07-16_064250
Version:
   Company:    Microsoft Corporation
   Product:    Microsoft® Windows® Operating System
   FileDesc:   Microsoft MIDI Mapper
   FileVer:    10.0.14393.0
   ProdVer:    10.0.14393.0

Module 19
C:\WINDOWS\SYSTEM32\MSACM32.dll
Image Base: 0x6ba40000  Image Size: 0x00018000
File Size:  90912       File Time:  2016-07-16_064250
Version:
   Company:    Microsoft Corporation
   Product:    Microsoft® Windows® Operating System
   FileDesc:   Microsoft ACM Audio Filter
   FileVer:    10.0.14393.0
   ProdVer:    10.0.14393.0

Module 20
C:\WINDOWS\SYSTEM32\msacm32.drv
Image Base: 0x6ba60000  Image Size: 0x0000a000
File Size:  24576       File Time:  2016-07-16_064250
Version:
   Company:    Microsoft Corporation
   Product:    Microsoft® Windows® Operating System
   FileDesc:   Microsoft Sound Mapper
   FileVer:    10.0.14393.0
   ProdVer:    10.0.14393.0

Module 21
C:\WINDOWS\SYSTEM32\wintypes.dll
Image Base: 0x6bec0000  Image Size: 0x000cf000
File Size:  846560      File Time:  2016-12-09_045926
Version:
   Company:    Microsoft Corporation
   Product:    Microsoft® Windows® Operating System
   FileDesc:   Windows Base Types DLL
   FileVer:    10.0.14393.576
   ProdVer:    10.0.14393.576

Module 22
C:\WINDOWS\SYSTEM32\AUDIOSES.DLL
Image Base: 0x6c340000  Image Size: 0x0007b000
File Size:  484584      File Time:  2016-11-02_070138
Version:
   Company:    Microsoft Corporation
   Product:    Microsoft® Windows® Operating System
   FileDesc:   Audio Session
   FileVer:    10.0.14393.447
   ProdVer:    10.0.14393.447

Module 23
C:\WINDOWS\SYSTEM32\AVRT.dll
Image Base: 0x6c570000  Image Size: 0x00009000
File Size:  29448       File Time:  2016-07-16_064250
Version:
   Company:    Microsoft Corporation
   Product:    Microsoft® Windows® Operating System
   FileDesc:   Multimedia Realtime Runtime
   FileVer:    10.0.14393.0
   ProdVer:    10.0.14393.0

Module 24
C:\WINDOWS\SYSTEM32\ksuser.dll
Image Base: 0x6c580000  Image Size: 0x00007000
File Size:  20672       File Time:  2016-07-16_064250
Version:
   Company:    Microsoft Corporation
   Product:    Microsoft® Windows® Operating System
   FileDesc:   User CSA Library
   FileVer:    10.0.14393.0
   ProdVer:    10.0.14393.0

Module 25
C:\WINDOWS\SYSTEM32\wdmaud.drv
Image Base: 0x6c610000  Image Size: 0x00039000
File Size:  207360      File Time:  2016-07-16_064250
Version:
   Company:    Microsoft Corporation
   Product:    Microsoft® Windows® Operating System
   FileDesc:   Winmm  audio system driver
   FileVer:    10.0.14393.0
   ProdVer:    10.0.14393.0

Module 26
C:\WINDOWS\System32\PROPSYS.dll
Image Base: 0x6c670000  Image Size: 0x0014f000
File Size:  1375456     File Time:  2016-07-16_064256
Version:
   Company:    Microsoft Corporation
   Product:    Windows® Search
   FileDesc:   Microsoft Property System
   FileVer:    7.0.14393.0
   ProdVer:    7.0.14393.0

Module 27
C:\WINDOWS\System32\DEVOBJ.dll
Image Base: 0x6c7c0000  Image Size: 0x00022000
File Size:  132232      File Time:  2016-07-16_064256
Version:
   Company:    Microsoft Corporation
   Product:    Microsoft® Windows® Operating System
   FileDesc:   Device Information Set DLL
   FileVer:    10.0.14393.0
   ProdVer:    10.0.14393.0

Module 28
C:\WINDOWS\System32\MMDevApi.dll
Image Base: 0x6c7f0000  Image Size: 0x00058000
File Size:  352768      File Time:  2016-07-16_064250
Version:
   Company:    Microsoft Corporation
   Product:    Microsoft® Windows® Operating System
   FileDesc:   MMDevice API
   FileVer:    10.0.14393.0
   ProdVer:    10.0.14393.0

Module 29
C:\WINDOWS\system32\wbem\fastprox.dll
Image Base: 0x6cb00000  Image Size: 0x000c2000
File Size:  779776      File Time:  2016-07-16_064258
Version:
   Company:    Microsoft Corporation
   Product:    Microsoft® Windows® Operating System
   FileDesc:   WMI Custom Marshaller
   FileVer:    10.0.14393.0
   ProdVer:    10.0.14393.0

Module 30
C:\WINDOWS\system32\wbem\wbemsvc.dll
Image Base: 0x6cdb0000  Image Size: 0x00010000
File Size:  48640       File Time:  2016-07-16_064258
Version:
   Company:    Microsoft Corporation
   Product:    Microsoft® Windows® Operating System
   FileDesc:   WMI
   FileVer:    10.0.14393.0
   ProdVer:    10.0.14393.0

Module 31
C:\WINDOWS\SYSTEM32\wbemcomn.dll
Image Base: 0x6cdc0000  Image Size: 0x00067000
File Size:  391168      File Time:  2016-07-16_064258
Version:
   Company:    Microsoft Corporation
   Product:    Microsoft® Windows® Operating System
   FileDesc:   WMI
   FileVer:    10.0.14393.0
   ProdVer:    10.0.14393.0

Module 32
C:\WINDOWS\system32\wbem\wbemprox.dll
Image Base: 0x6ce30000  Image Size: 0x0000d000
File Size:  35328       File Time:  2016-07-16_064258
Version:
   Company:    Microsoft Corporation
   Product:    Microsoft® Windows® Operating System
   FileDesc:   WMI
   FileVer:    10.0.14393.0
   ProdVer:    10.0.14393.0

Module 33
C:\Windows\System32\cryptnet.dll
Image Base: 0x6cf50000  Image Size: 0x00025000
File Size:  134656      File Time:  2016-07-16_064256
Version:
   Company:    Microsoft Corporation
   Product:    Microsoft® Windows® Operating System
   FileDesc:   Crypto Network Related API
   FileVer:    10.0.14393.0
   ProdVer:    10.0.14393.0

Module 34
C:\WINDOWS\SYSTEM32\WINNSI.DLL
Image Base: 0x6d9d0000  Image Size: 0x00008000
File Size:  26848       File Time:  2016-07-16_064228
Version:
   Company:    Microsoft Corporation
   Product:    Microsoft® Windows® Operating System
   FileDesc:   Network Store Information RPC interface
   FileVer:    10.0.14393.0
   ProdVer:    10.0.14393.0

Module 35
C:\WINDOWS\SYSTEM32\dhcpcsvc.DLL
Image Base: 0x6d9e0000  Image Size: 0x00014000
File Size:  63488       File Time:  2016-07-16_064256
Version:
   Company:    Microsoft Corporation
   Product:    Microsoft® Windows® Operating System
   FileDesc:   DHCP Client Service
   FileVer:    10.0.14393.0
   ProdVer:    10.0.14393.0

Module 36
C:\WINDOWS\SYSTEM32\dhcpcsvc6.DLL
Image Base: 0x6da00000  Image Size: 0x00013000
File Size:  57344       File Time:  2016-07-16_064256
Version:
   Company:    Microsoft Corporation
   Product:    Microsoft® Windows® Operating System
   FileDesc:   DHCPv6 Client
   FileVer:    10.0.14393.0
   ProdVer:    10.0.14393.0

Module 37
C:\WINDOWS\WinSxS\x86_microsoft.windows.common-controls_6595b64144ccf1df_6.0.14393.447_none_89c64d28dafea4b9\comctl32.dll
Image Base: 0x6da20000  Image Size: 0x0020a000
File Size:  2122080     File Time:  2016-11-02_060450
Version:
   Company:    Microsoft Corporation
   Product:    Microsoft® Windows® Operating System
   FileDesc:   User Experience Controls Library
   FileVer:    6.10.14393.447
   ProdVer:    10.0.14393.447

Module 38
C:\WINDOWS\SYSTEM32\ntmarta.dll
Image Base: 0x6dc60000  Image Size: 0x00028000
File Size:  154432      File Time:  2016-07-16_064256
Version:
   Company:    Microsoft Corporation
   Product:    Microsoft® Windows® Operating System
   FileDesc:   Windows NT MARTA provider
   FileVer:    10.0.14393.0
   ProdVer:    10.0.14393.0

Module 39
C:\WINDOWS\SYSTEM32\MSWSOCK.dll
Image Base: 0x6e140000  Image Size: 0x0004e000
File Size:  306016      File Time:  2016-07-16_064256
Version:
   Company:    Microsoft Corporation
   Product:    Microsoft® Windows® Operating System
   FileDesc:   Microsoft Windows Sockets 2.0 Service Provider
   FileVer:    10.0.14393.0
   ProdVer:    10.0.14393.0

Module 40
C:\WINDOWS\system32\dwmapi.dll
Image Base: 0x70c50000  Image Size: 0x0001f000
File Size:  113504      File Time:  2016-09-15_121352
Version:
   Company:    Microsoft Corporation
   Product:    Microsoft® Windows® Operating System
   FileDesc:   Microsoft Desktop Window Manager API
   FileVer:    10.0.14393.206
   ProdVer:    10.0.14393.206

Module 41
C:\WINDOWS\SYSTEM32\DNSAPI.dll
Image Base: 0x71150000  Image Size: 0x0007c000
File Size:  496872      File Time:  2016-09-15_123716
Version:
   Company:    Microsoft Corporation
   Product:    Microsoft® Windows® Operating System
   FileDesc:   DNS Client API DLL
   FileVer:    10.0.14393.206
   ProdVer:    10.0.14393.206

Module 42
C:\WINDOWS\SYSTEM32\bcrypt.dll
Image Base: 0x72490000  Image Size: 0x0001b000
File Size:  106896      File Time:  2016-12-09_050100
Version:
   Company:    Microsoft Corporation
   Product:    Microsoft® Windows® Operating System
   FileDesc:   Windows Cryptographic Primitives Library
   FileVer:    10.0.14393.576
   ProdVer:    10.0.14393.576

Module 43
C:\WINDOWS\system32\rsaenh.dll
Image Base: 0x725c0000  Image Size: 0x0002f000
File Size:  184416      File Time:  2016-07-16_064256
Version:
   Company:    Microsoft Corporation
   Product:    Microsoft® Windows® Operating System
   FileDesc:   Microsoft Enhanced Cryptographic Provider
   FileVer:    10.0.14393.0
   ProdVer:    10.0.14393.0

Module 44
C:\WINDOWS\System32\CRYPTSP.dll
Image Base: 0x725f0000  Image Size: 0x00013000
File Size:  68720       File Time:  2016-07-16_064256
Version:
   Company:    Microsoft Corporation
   Product:    Microsoft® Windows® Operating System
   FileDesc:   Cryptographic Service Provider API
   FileVer:    10.0.14393.0
   ProdVer:    10.0.14393.0

Module 45
C:\WINDOWS\SYSTEM32\WINMMBASE.dll
Image Base: 0x728b0000  Image Size: 0x00023000
File Size:  131208      File Time:  2016-07-16_064250
Version:
   Company:    Microsoft Corporation
   Product:    Microsoft® Windows® Operating System
   FileDesc:   Base Multimedia Extension API DLL
   FileVer:    10.0.14393.0
   ProdVer:    10.0.14393.0

Module 46
C:\WINDOWS\SYSTEM32\WINMM.dll
Image Base: 0x73470000  Image Size: 0x00024000
File Size:  135376      File Time:  2016-07-16_064250
Version:
   Company:    Microsoft Corporation
   Product:    Microsoft® Windows® Operating System
   FileDesc:   MCI API DLL
   FileVer:    10.0.14393.0
   ProdVer:    10.0.14393.0

Module 47
C:\WINDOWS\SYSTEM32\IPHLPAPI.DLL
Image Base: 0x73b90000  Image Size: 0x0002f000
File Size:  184416      File Time:  2016-07-16_064256
Version:
   Company:    Microsoft Corporation
   Product:    Microsoft® Windows® Operating System
   FileDesc:   IP Helper API
   FileVer:    10.0.14393.0
   ProdVer:    10.0.14393.0

Module 48
C:\WINDOWS\SYSTEM32\VERSION.dll
Image Base: 0x74620000  Image Size: 0x00008000
File Size:  27360       File Time:  2016-07-16_064306
Version:
   Company:    Microsoft Corporation
   Product:    Microsoft® Windows® Operating System
   FileDesc:   Version Checking and File Installation Libraries
   FileVer:    10.0.14393.0
   ProdVer:    10.0.14393.0

Module 49
C:\WINDOWS\System32\CRYPTBASE.dll
Image Base: 0x74690000  Image Size: 0x0000a000
File Size:  31528       File Time:  2016-07-16_064250
Version:
   Company:    Microsoft Corporation
   Product:    Microsoft® Windows® Operating System
   FileDesc:   Base cryptographic API DLL
   FileVer:    10.0.14393.0
   ProdVer:    10.0.14393.0

Module 50
C:\WINDOWS\System32\SspiCli.dll
Image Base: 0x746a0000  Image Size: 0x0001e000
File Size:  117240      File Time:  2016-12-09_045110
Version:
   Company:    Microsoft Corporation
   Product:    Microsoft® Windows® Operating System
   FileDesc:   Security Support Provider Interface
   FileVer:    10.0.14393.576
   ProdVer:    10.0.14393.576

Module 51
C:\WINDOWS\System32\NSI.dll
Image Base: 0x746c0000  Image Size: 0x00007000
File Size:  20152       File Time:  2016-07-16_064228
Version:
   Company:    Microsoft Corporation
   Product:    Microsoft® Windows® Operating System
   FileDesc:   NSI User-mode interface DLL
   FileVer:    10.0.14393.0
   ProdVer:    10.0.14393.0

Module 52
C:\WINDOWS\System32\clbcatq.dll
Image Base: 0x746d0000  Image Size: 0x00084000
File Size:  528360      File Time:  2016-07-16_064248
Version:
   Company:    Microsoft Corporation
   Product:    Microsoft® Windows® Operating System
   FileDesc:   COM+ Configuration Catalog
   FileVer:    2001.12.10941.16384
   ProdVer:    10.0.14393.0

Module 53
C:\WINDOWS\System32\windows.storage.dll
Image Base: 0x74850000  Image Size: 0x0056e000
File Size:  5722832     File Time:  2016-11-11_024716
Version:
   Company:    Microsoft Corporation
   Product:    Microsoft® Windows® Operating System
   FileDesc:   Microsoft WinRT Storage API
   FileVer:    10.0.14393.479
   ProdVer:    10.0.14393.479

Module 54
C:\WINDOWS\System32\imagehlp.dll
Image Base: 0x74dc0000  Image Size: 0x00019000
File Size:  93984       File Time:  2016-07-16_064228
Version:
   Company:    Microsoft Corporation
   Product:    Microsoft® Windows® Operating System
   FileDesc:   Windows NT Image Helper
   FileVer:    10.0.14393.0
   ProdVer:    10.0.14393.0

Module 55
C:\WINDOWS\System32\ucrtbase.dll
Image Base: 0x74de0000  Image Size: 0x000e0000
File Size:  918304      File Time:  2016-07-16_064256
Version:
   Company:    Microsoft Corporation
   Product:    Microsoft® Windows® Operating System
   FileDesc:   Microsoft® C Runtime Library
   FileVer:    10.0.14393.0
   ProdVer:    10.0.14393.0

Module 56
C:\WINDOWS\System32\ADVAPI32.dll
Image Base: 0x74ec0000  Image Size: 0x00077000
File Size:  482392      File Time:  2016-07-16_064250
Version:
   Company:    Microsoft Corporation
   Product:    Microsoft® Windows® Operating System
   FileDesc:   Advanced Windows 32 Base API
   FileVer:    10.0.14393.0
   ProdVer:    10.0.14393.0

Module 57
C:\WINDOWS\System32\WINTRUST.dll
Image Base: 0x74f40000  Image Size: 0x00044000
File Size:  272720      File Time:  2016-10-14_231902
Version:
   Company:    Microsoft Corporation
   Product:    Microsoft® Windows® Operating System
   FileDesc:   Microsoft Trust Verification APIs
   FileVer:    10.0.14393.351
   ProdVer:    10.0.14393.351

Module 58
C:\WINDOWS\System32\bcryptPrimitives.dll
Image Base: 0x74ff0000  Image Size: 0x0005a000
File Size:  367208      File Time:  2016-07-16_064228
Version:
   Company:    Microsoft Corporation
   Product:    Microsoft® Windows® Operating System
   FileDesc:   Windows Cryptographic Primitives Library
   FileVer:    10.0.14393.0
   ProdVer:    10.0.14393.0

Module 59
C:\WINDOWS\System32\CRYPT32.dll
Image Base: 0x75050000  Image Size: 0x0017d000
File Size:  1556712     File Time:  2016-10-14_231840
Version:
   Company:    Microsoft Corporation
   Product:    Microsoft® Windows® Operating System
   FileDesc:   Crypto API32
   FileVer:    10.0.14393.351
   ProdVer:    10.0.14393.351

Module 60
C:\WINDOWS\System32\shcore.dll
Image Base: 0x75230000  Image Size: 0x00088000
File Size:  549088      File Time:  2016-07-16_064244
Version:
   Company:    Microsoft Corporation
   Product:    Microsoft® Windows® Operating System
   FileDesc:   SHCORE
   FileVer:    10.0.14393.0
   ProdVer:    10.0.14393.0

Module 61
C:\WINDOWS\System32\USER32.dll
Image Base: 0x752c0000  Image Size: 0x0015f000
File Size:  1435896     File Time:  2016-12-09_045222
Version:
   Company:    Microsoft Corporation
   Product:    Microsoft® Windows® Operating System
   FileDesc:   Multi-User Windows USER API Client DLL
   FileVer:    10.0.14393.576
   ProdVer:    10.0.14393.576

Module 62
C:\WINDOWS\System32\IMM32.dll
Image Base: 0x75420000  Image Size: 0x00025000
File Size:  144632      File Time:  2016-07-16_064250
Version:
   Company:    Microsoft Corporation
   Product:    Microsoft® Windows® Operating System
   FileDesc:   Multi-User Windows IMM32 API Client DLL
   FileVer:    10.0.14393.0
   ProdVer:    10.0.14393.0

Module 63
C:\WINDOWS\System32\profapi.dll
Image Base: 0x75450000  Image Size: 0x0000f000
File Size:  54752       File Time:  2016-07-16_064250
Version:
   Company:    Microsoft Corporation
   Product:    Microsoft® Windows® Operating System
   FileDesc:   User Profile Basic API
   FileVer:    10.0.14393.0
   ProdVer:    10.0.14393.0

Module 64
C:\WINDOWS\System32\PSAPI.DLL
Image Base: 0x755d0000  Image Size: 0x00006000
File Size:  17048       File Time:  2016-07-16_064246
Version:
   Company:    Microsoft Corporation
   Product:    Microsoft® Windows® Operating System
   FileDesc:   Process Status Helper
   FileVer:    10.0.14393.0
   ProdVer:    10.0.14393.0

Module 65
C:\WINDOWS\System32\msvcrt.dll
Image Base: 0x755e0000  Image Size: 0x000be000
File Size:  773168      File Time:  2016-07-16_064250
Version:
   Company:    Microsoft Corporation
   Product:    Microsoft® Windows® Operating System
   FileDesc:   Windows NT CRT DLL
   FileVer:    7.0.14393.0
   ProdVer:    10.0.14393.0

Module 66
C:\WINDOWS\System32\KERNELBASE.dll
Image Base: 0x75ab0000  Image Size: 0x001a1000
File Size:  1706488     File Time:  2016-11-11_030002
Version:
   Company:    Microsoft Corporation
   Product:    Microsoft® Windows® Operating System
   FileDesc:   Windows NT BASE API Client DLL
   FileVer:    10.0.14393.479
   ProdVer:    10.0.14393.479

Module 67
C:\WINDOWS\System32\cfgmgr32.dll
Image Base: 0x75c60000  Image Size: 0x00036000
File Size:  213848      File Time:  2016-07-16_064256
Version:
   Company:    Microsoft Corporation
   Product:    Microsoft® Windows® Operating System
   FileDesc:   Configuration Manager DLL
   FileVer:    10.0.14393.0
   ProdVer:    10.0.14393.0

Module 68
C:\WINDOWS\System32\win32u.dll
Image Base: 0x75ca0000  Image Size: 0x00015000
File Size:  79536       File Time:  2016-09-25_172318
Version:
   Company:    Microsoft Corporation
   Product:    Microsoft® Windows® Operating System
   FileDesc:   Win32u
   FileVer:    10.0.14393.51
   ProdVer:    10.0.14393.51

Module 69
C:\WINDOWS\System32\combase.dll
Image Base: 0x75cc0000  Image Size: 0x00211000
File Size:  2166752     File Time:  2016-12-09_045926
Version:
   Company:    Microsoft Corporation
   Product:    Microsoft® Windows® Operating System
   FileDesc:   Microsoft COM for Windows
   FileVer:    10.0.14393.576
   ProdVer:    10.0.14393.576

Module 70
C:\WINDOWS\System32\WS2_32.dll
Image Base: 0x75ee0000  Image Size: 0x00063000
File Size:  402352      File Time:  2016-09-15_123706
Version:
   Company:    Microsoft Corporation
   Product:    Microsoft® Windows® Operating System
   FileDesc:   Windows Socket 2.0 32-Bit DLL
   FileVer:    10.0.14393.206
   ProdVer:    10.0.14393.206

Module 71
C:\WINDOWS\System32\MSASN1.dll
Image Base: 0x75f50000  Image Size: 0x0000e000
File Size:  49080       File Time:  2016-07-16_064256
Version:
   Company:    Microsoft Corporation
   Product:    Microsoft® Windows® Operating System
   FileDesc:   ASN.1 Runtime APIs
   FileVer:    10.0.14393.0
   ProdVer:    10.0.14393.0

Module 72
C:\WINDOWS\System32\kernel.appcore.dll
Image Base: 0x75f60000  Image Size: 0x0000d000
File Size:  43416       File Time:  2016-07-16_064256
Version:
   Company:    Microsoft Corporation
   Product:    Microsoft® Windows® Operating System
   FileDesc:   AppModel API Host
   FileVer:    10.0.14393.0
   ProdVer:    10.0.14393.0

Module 73
C:\WINDOWS\System32\gdi32full.dll
Image Base: 0x75f70000  Image Size: 0x0015b000
File Size:  1415752     File Time:  2016-12-09_045222
Version:
   Company:    Microsoft Corporation
   Product:    Microsoft® Windows® Operating System
   FileDesc:   GDI Client DLL
   FileVer:    10.0.14393.576
   ProdVer:    10.0.14393.576

Module 74
C:\WINDOWS\System32\sechost.dll
Image Base: 0x760d0000  Image Size: 0x00041000
File Size:  255168      File Time:  2016-07-16_064250
Version:
   Company:    Microsoft Corporation
   Product:    Microsoft® Windows® Operating System
   FileDesc:   Host for SCM/SDDL/LSA Lookup APIs
   FileVer:    10.0.14393.0
   ProdVer:    10.0.14393.0

Module 75
C:\WINDOWS\System32\SHELL32.dll
Image Base: 0x76120000  Image Size: 0x013d9000
File Size:  20969928    File Time:  2016-12-21_000136
Version:
   Company:    Microsoft Corporation
   Product:    Microsoft® Windows® Operating System
   FileDesc:   Windows Shell Common Dll
   FileVer:    10.0.14393.693
   ProdVer:    10.0.14393.693

Module 76
C:\WINDOWS\System32\RPCRT4.dll
Image Base: 0x77500000  Image Size: 0x000c1000
File Size:  790760      File Time:  2016-09-25_172328
Version:
   Company:    Microsoft Corporation
   Product:    Microsoft® Windows® Operating System
   FileDesc:   Remote Procedure Call Runtime
   FileVer:    10.0.14393.82
   ProdVer:    10.0.14393.82

Module 77
C:\WINDOWS\System32\SHLWAPI.dll
Image Base: 0x775d0000  Image Size: 0x00046000
File Size:  284056      File Time:  2016-07-16_064304
Version:
   Company:    Microsoft Corporation
   Product:    Microsoft® Windows® Operating System
   FileDesc:   Shell Light-weight Utility Library
   FileVer:    10.0.14393.0
   ProdVer:    10.0.14393.0

Module 78
C:\WINDOWS\System32\powrprof.dll
Image Base: 0x776d0000  Image Size: 0x00045000
File Size:  275832      File Time:  2016-07-16_064256
Version:
   Company:    Microsoft Corporation
   Product:    Microsoft® Windows® Operating System
   FileDesc:   Power Profile Helper DLL
   FileVer:    10.0.14393.0
   ProdVer:    10.0.14393.0

Module 79
C:\WINDOWS\System32\ole32.dll
Image Base: 0x77720000  Image Size: 0x000ea000
File Size:  959112      File Time:  2016-12-09_045616
Version:
   Company:    Microsoft Corporation
   Product:    Microsoft® Windows® Operating System
   FileDesc:   Microsoft OLE for Windows
   FileVer:    10.0.14393.576
   ProdVer:    10.0.14393.576

Module 80
C:\WINDOWS\System32\OLEAUT32.dll
Image Base: 0x77810000  Image Size: 0x00094000
File Size:  601712      File Time:  2016-11-02_062300
Version:
   Company:    Microsoft Corporation
   Product:    Microsoft® Windows® Operating System
   FileDesc:   OLEAUT32.DLL
   FileVer:    10.0.14393.447
   ProdVer:    10.0.14393.447

Module 81
C:\WINDOWS\System32\msvcp_win.dll
Image Base: 0x77910000  Image Size: 0x0007b000
File Size:  498408      File Time:  2016-07-16_064256
Version:
   Company:    Microsoft Corporation
   Product:    Microsoft® Windows® Operating System
   FileDesc:   Microsoft® C Runtime Library
   FileVer:    10.0.14393.0
   ProdVer:    10.0.14393.0

Module 82
C:\WINDOWS\System32\KERNEL32.DLL
Image Base: 0x77990000  Image Size: 0x000e0000
File Size:  616048      File Time:  2016-07-16_064246
Version:
   Company:    Microsoft Corporation
   Product:    Microsoft® Windows® Operating System
   FileDesc:   Windows NT BASE API Client DLL
   FileVer:    10.0.14393.0
   ProdVer:    10.0.14393.0

Module 83
C:\WINDOWS\System32\MSCTF.dll
Image Base: 0x77a70000  Image Size: 0x00135000
File Size:  1263856     File Time:  2016-11-11_023820
Version:
   Company:    Microsoft Corporation
   Product:    Microsoft® Windows® Operating System
   FileDesc:   MSCTF Server DLL
   FileVer:    10.0.14393.479
   ProdVer:    10.0.14393.479

Module 84
C:\WINDOWS\System32\GDI32.dll
Image Base: 0x77bb0000  Image Size: 0x0002b000
File Size:  170960      File Time:  2016-09-15_122320
Version:
   Company:    Microsoft Corporation
   Product:    Microsoft® Windows® Operating System
   FileDesc:   GDI Client DLL
   FileVer:    10.0.14393.206
   ProdVer:    10.0.14393.206

Module 85
C:\WINDOWS\SYSTEM32\ntdll.dll
Image Base: 0x77be0000  Image Size: 0x00183000
File Size:  1572768     File Time:  2016-11-11_030000
Version:
   Company:    Microsoft Corporation
   Product:    Microsoft® Windows® Operating System
   FileDesc:   NT Layer DLL
   FileVer:    10.0.14393.479
   ProdVer:    10.0.14393.479


== [end of error.log] ==
